#
# There is insufficient memory for the Java Runtime Environment to continue.
# Native memory allocation (mmap) failed to map 65536 bytes for Failed to commit metaspace.
# Possible reasons:
#   The system is out of physical RAM or swap space
#   The process is running with CompressedOops enabled, and the Java Heap may be blocking the growth of the native heap
# Possible solutions:
#   Reduce memory load on the system
#   Increase physical memory or swap space
#   Check if swap backing store is full
#   Decrease Java heap size (-Xmx/-Xms)
#   Decrease number of Java threads
#   Decrease Java thread stack sizes (-Xss)
#   Set larger code cache with -XX:ReservedCodeCacheSize=
#   JVM is running with Zero Based Compressed Oops mode in which the Java heap is
#     placed in the first 32GB address space. The Java Heap base address is the
#     maximum limit for the native heap growth. Please use -XX:HeapBaseMinAddress
#     to set the Java Heap base and to place the Java Heap above 32GB virtual address.
# This output file may be truncated or incomplete.
#
#  Out of Memory Error (virtualSpaceNode.cpp:110), pid=10332, tid=15932
#
# JRE version: OpenJDK Runtime Environment Zulu17.40+19-CA (17.0.6+10) (build 17.0.6+10-LTS)
# Java VM: OpenJDK 64-Bit Server VM Zulu17.40+19-CA (17.0.6+10-LTS, mixed mode, tiered, compressed oops, compressed class ptrs, g1 gc, windows-amd64)
# No core dump will be written. Minidumps are not enabled by default on client versions of Windows
#

---------------  S U M M A R Y ------------

Command Line: aplicacao/Programa

Host: Intel(R) Core(TM) i7-8550U CPU @ 1.80GHz, 8 cores, 15G,  Windows 11 , 64 bit Build 22000 (10.0.22000.1880)
Time: Mon Jun 12 11:52:31 2023 Hora oficial do Brasil elapsed time: 0.101663 seconds (0d 0h 0m 0s)

---------------  T H R E A D  ---------------

Current thread (0x00000252e7bcdfd0):  JavaThread "main" [_thread_in_vm, id=15932, stack(0x0000007a62c00000,0x0000007a62d00000)]

Stack: [0x0000007a62c00000,0x0000007a62d00000]
Native frames: (J=compiled Java code, j=interpreted, Vv=VM code, C=native code)
V  [jvm.dll+0x67c72a]
V  [jvm.dll+0x83a2c4]
V  [jvm.dll+0x83ba6e]
V  [jvm.dll+0x83c0d3]
V  [jvm.dll+0x249415]
V  [jvm.dll+0x83635b]
V  [jvm.dll+0x620ec6]
V  [jvm.dll+0x620f2a]
V  [jvm.dll+0x62373a]
V  [jvm.dll+0x621866]
V  [jvm.dll+0x241178]
V  [jvm.dll+0x6d2cf5]
V  [jvm.dll+0x6d36ef]
V  [jvm.dll+0x3741e4]
V  [jvm.dll+0x3733c2]
V  [jvm.dll+0x373368]
V  [jvm.dll+0x562f85]
V  [jvm.dll+0x561ea4]
V  [jvm.dll+0x3871a4]
V  [jvm.dll+0x38680f]
C  0x00000252f853a503

Java frames: (J=compiled Java code, j=interpreted, Vv=VM code)
j  sun.net.www.ParseUtil.<clinit>()V+16 java.base
v  ~StubRoutines::call_stub
j  jdk.internal.loader.URLClassPath.toFileURL(Ljava/lang/String;)Ljava/net/URL;+13 java.base
j  jdk.internal.loader.URLClassPath.<init>(Ljava/lang/String;Z)V+96 java.base
j  jdk.internal.loader.ClassLoaders.<clinit>()V+144 java.base
v  ~StubRoutines::call_stub
j  jdk.internal.loader.BootLoader.loadModule(Ljava/lang/module/ModuleReference;)V+0 java.base
j  jdk.internal.module.ModuleBootstrap.boot2()Ljava/lang/ModuleLayer;+352 java.base
j  jdk.internal.module.ModuleBootstrap.boot()Ljava/lang/ModuleLayer;+64 java.base
j  java.lang.System.initPhase2(ZZ)I+0 java.base
v  ~StubRoutines::call_stub

---------------  P R O C E S S  ---------------

Threads class SMR info:
_java_thread_list=0x000002528d839ce0, length=10, elements={
0x00000252e7bcdfd0, 0x000002528d85a250, 0x000002528d85ae10, 0x000002528d8a22d0,
0x000002528d89d3b0, 0x000002528d8a2c90, 0x000002528d872560, 0x000002528d873160,
0x000002528d873a70, 0x000002528d874ba0
}

Java Threads: ( => current thread )
=>0x00000252e7bcdfd0 JavaThread "main" [_thread_in_vm, id=15932, stack(0x0000007a62c00000,0x0000007a62d00000)]
  0x000002528d85a250 JavaThread "Reference Handler" daemon [_thread_blocked, id=5992, stack(0x0000007a63300000,0x0000007a63400000)]
  0x000002528d85ae10 JavaThread "Finalizer" daemon [_thread_blocked, id=6384, stack(0x0000007a63400000,0x0000007a63500000)]
  0x000002528d8a22d0 JavaThread "Signal Dispatcher" daemon [_thread_blocked, id=2016, stack(0x0000007a63500000,0x0000007a63600000)]
  0x000002528d89d3b0 JavaThread "Attach Listener" daemon [_thread_blocked, id=18448, stack(0x0000007a63600000,0x0000007a63700000)]
  0x000002528d8a2c90 JavaThread "Service Thread" daemon [_thread_blocked, id=20932, stack(0x0000007a63700000,0x0000007a63800000)]
  0x000002528d872560 JavaThread "Monitor Deflation Thread" daemon [_thread_blocked, id=10516, stack(0x0000007a63800000,0x0000007a63900000)]
  0x000002528d873160 JavaThread "C2 CompilerThread0" daemon [_thread_blocked, id=12916, stack(0x0000007a63900000,0x0000007a63a00000)]
  0x000002528d873a70 JavaThread "C1 CompilerThread0" daemon [_thread_blocked, id=1820, stack(0x0000007a63a00000,0x0000007a63b00000)]
  0x000002528d874ba0 JavaThread "Sweeper thread" daemon [_thread_blocked, id=16120, stack(0x0000007a63b00000,0x0000007a63c00000)]

Other Threads:
  0x000002528ccaec60 VMThread "VM Thread" [stack: 0x0000007a63200000,0x0000007a63300000] [id=5464]
  0x00000252e7caca50 GCTaskThread "GC Thread#0" [stack: 0x0000007a62d00000,0x0000007a62e00000] [id=15016]
  0x00000252e7cbd820 ConcurrentGCThread "G1 Main Marker" [stack: 0x0000007a62e00000,0x0000007a62f00000] [id=9328]
  0x00000252e7cbe390 ConcurrentGCThread "G1 Conc#0" [stack: 0x0000007a62f00000,0x0000007a63000000] [id=17052]
  0x00000252e7d0dee0 ConcurrentGCThread "G1 Refine#0" [stack: 0x0000007a63000000,0x0000007a63100000] [id=21492]
  0x00000252e7d0e910 ConcurrentGCThread "G1 Service" [stack: 0x0000007a63100000,0x0000007a63200000] [id=12380]

Threads with active compile tasks:

VM state: not at safepoint (normal execution)

VM Mutex/Monitor currently owned by a thread:  ([mutex/lock_event])
[0x00000252e7bc7690] Metaspace_lock - owner thread: 0x00000252e7bcdfd0

Heap address: 0x0000000701800000, size: 4072 MB, Compressed Oops mode: Zero based, Oop shift amount: 3

CDS archive(s) not mapped
Compressed class space mapped at: 0x0000000800000000-0x0000000840000000, reserved size: 1073741824
Narrow klass base: 0x0000000800000000, Narrow klass shift: 0, Narrow klass range: 0x40000000

GC Precious Log:
 CPUs: 8 total, 8 available
 Memory: 16280M
 Large Page Support: Disabled
 NUMA Support: Disabled
 Compressed Oops: Enabled (Zero based)
 Heap Region Size: 2M
 Heap Min Capacity: 8M
 Heap Initial Capacity: 256M
 Heap Max Capacity: 4072M
 Pre-touch: Disabled
 Parallel Workers: 8
 Concurrent Workers: 2
 Concurrent Refinement Workers: 8
 Periodic GC: Disabled

Heap:
 garbage-first heap   total 262144K, used 0K [0x0000000701800000, 0x0000000800000000)
  region size 2048K, 1 young (2048K), 0 survivors (0K)
 Metaspace       used 3330K, committed 3392K, reserved 1056768K
  class space    used 258K, committed 320K, reserved 1048576K

Heap Regions: E=young(eden), S=young(survivor), O=old, HS=humongous(starts), HC=humongous(continues), CS=collection set, F=free, OA=open archive, CA=closed archive, TAMS=top-at-mark-start (previous, next)
|   0|0x0000000701800000, 0x0000000701800000, 0x0000000701a00000|  0%| F|  |TAMS 0x0000000701800000, 0x0000000701800000| Untracked 
|   1|0x0000000701a00000, 0x0000000701a00000, 0x0000000701c00000|  0%| F|  |TAMS 0x0000000701a00000, 0x0000000701a00000| Untracked 
|   2|0x0000000701c00000, 0x0000000701c00000, 0x0000000701e00000|  0%| F|  |TAMS 0x0000000701c00000, 0x0000000701c00000| Untracked 
|   3|0x0000000701e00000, 0x0000000701e00000, 0x0000000702000000|  0%| F|  |TAMS 0x0000000701e00000, 0x0000000701e00000| Untracked 
|   4|0x0000000702000000, 0x0000000702000000, 0x0000000702200000|  0%| F|  |TAMS 0x0000000702000000, 0x0000000702000000| Untracked 
|   5|0x0000000702200000, 0x0000000702200000, 0x0000000702400000|  0%| F|  |TAMS 0x0000000702200000, 0x0000000702200000| Untracked 
|   6|0x0000000702400000, 0x0000000702400000, 0x0000000702600000|  0%| F|  |TAMS 0x0000000702400000, 0x0000000702400000| Untracked 
|   7|0x0000000702600000, 0x0000000702600000, 0x0000000702800000|  0%| F|  |TAMS 0x0000000702600000, 0x0000000702600000| Untracked 
|   8|0x0000000702800000, 0x0000000702800000, 0x0000000702a00000|  0%| F|  |TAMS 0x0000000702800000, 0x0000000702800000| Untracked 
|   9|0x0000000702a00000, 0x0000000702a00000, 0x0000000702c00000|  0%| F|  |TAMS 0x0000000702a00000, 0x0000000702a00000| Untracked 
|  10|0x0000000702c00000, 0x0000000702c00000, 0x0000000702e00000|  0%| F|  |TAMS 0x0000000702c00000, 0x0000000702c00000| Untracked 
|  11|0x0000000702e00000, 0x0000000702e00000, 0x0000000703000000|  0%| F|  |TAMS 0x0000000702e00000, 0x0000000702e00000| Untracked 
|  12|0x0000000703000000, 0x0000000703000000, 0x0000000703200000|  0%| F|  |TAMS 0x0000000703000000, 0x0000000703000000| Untracked 
|  13|0x0000000703200000, 0x0000000703200000, 0x0000000703400000|  0%| F|  |TAMS 0x0000000703200000, 0x0000000703200000| Untracked 
|  14|0x0000000703400000, 0x0000000703400000, 0x0000000703600000|  0%| F|  |TAMS 0x0000000703400000, 0x0000000703400000| Untracked 
|  15|0x0000000703600000, 0x0000000703600000, 0x0000000703800000|  0%| F|  |TAMS 0x0000000703600000, 0x0000000703600000| Untracked 
|  16|0x0000000703800000, 0x0000000703800000, 0x0000000703a00000|  0%| F|  |TAMS 0x0000000703800000, 0x0000000703800000| Untracked 
|  17|0x0000000703a00000, 0x0000000703a00000, 0x0000000703c00000|  0%| F|  |TAMS 0x0000000703a00000, 0x0000000703a00000| Untracked 
|  18|0x0000000703c00000, 0x0000000703c00000, 0x0000000703e00000|  0%| F|  |TAMS 0x0000000703c00000, 0x0000000703c00000| Untracked 
|  19|0x0000000703e00000, 0x0000000703e00000, 0x0000000704000000|  0%| F|  |TAMS 0x0000000703e00000, 0x0000000703e00000| Untracked 
|  20|0x0000000704000000, 0x0000000704000000, 0x0000000704200000|  0%| F|  |TAMS 0x0000000704000000, 0x0000000704000000| Untracked 
|  21|0x0000000704200000, 0x0000000704200000, 0x0000000704400000|  0%| F|  |TAMS 0x0000000704200000, 0x0000000704200000| Untracked 
|  22|0x0000000704400000, 0x0000000704400000, 0x0000000704600000|  0%| F|  |TAMS 0x0000000704400000, 0x0000000704400000| Untracked 
|  23|0x0000000704600000, 0x0000000704600000, 0x0000000704800000|  0%| F|  |TAMS 0x0000000704600000, 0x0000000704600000| Untracked 
|  24|0x0000000704800000, 0x0000000704800000, 0x0000000704a00000|  0%| F|  |TAMS 0x0000000704800000, 0x0000000704800000| Untracked 
|  25|0x0000000704a00000, 0x0000000704a00000, 0x0000000704c00000|  0%| F|  |TAMS 0x0000000704a00000, 0x0000000704a00000| Untracked 
|  26|0x0000000704c00000, 0x0000000704c00000, 0x0000000704e00000|  0%| F|  |TAMS 0x0000000704c00000, 0x0000000704c00000| Untracked 
|  27|0x0000000704e00000, 0x0000000704e00000, 0x0000000705000000|  0%| F|  |TAMS 0x0000000704e00000, 0x0000000704e00000| Untracked 
|  28|0x0000000705000000, 0x0000000705000000, 0x0000000705200000|  0%| F|  |TAMS 0x0000000705000000, 0x0000000705000000| Untracked 
|  29|0x0000000705200000, 0x0000000705200000, 0x0000000705400000|  0%| F|  |TAMS 0x0000000705200000, 0x0000000705200000| Untracked 
|  30|0x0000000705400000, 0x0000000705400000, 0x0000000705600000|  0%| F|  |TAMS 0x0000000705400000, 0x0000000705400000| Untracked 
|  31|0x0000000705600000, 0x0000000705600000, 0x0000000705800000|  0%| F|  |TAMS 0x0000000705600000, 0x0000000705600000| Untracked 
|  32|0x0000000705800000, 0x0000000705800000, 0x0000000705a00000|  0%| F|  |TAMS 0x0000000705800000, 0x0000000705800000| Untracked 
|  33|0x0000000705a00000, 0x0000000705a00000, 0x0000000705c00000|  0%| F|  |TAMS 0x0000000705a00000, 0x0000000705a00000| Untracked 
|  34|0x0000000705c00000, 0x0000000705c00000, 0x0000000705e00000|  0%| F|  |TAMS 0x0000000705c00000, 0x0000000705c00000| Untracked 
|  35|0x0000000705e00000, 0x0000000705e00000, 0x0000000706000000|  0%| F|  |TAMS 0x0000000705e00000, 0x0000000705e00000| Untracked 
|  36|0x0000000706000000, 0x0000000706000000, 0x0000000706200000|  0%| F|  |TAMS 0x0000000706000000, 0x0000000706000000| Untracked 
|  37|0x0000000706200000, 0x0000000706200000, 0x0000000706400000|  0%| F|  |TAMS 0x0000000706200000, 0x0000000706200000| Untracked 
|  38|0x0000000706400000, 0x0000000706400000, 0x0000000706600000|  0%| F|  |TAMS 0x0000000706400000, 0x0000000706400000| Untracked 
|  39|0x0000000706600000, 0x0000000706600000, 0x0000000706800000|  0%| F|  |TAMS 0x0000000706600000, 0x0000000706600000| Untracked 
|  40|0x0000000706800000, 0x0000000706800000, 0x0000000706a00000|  0%| F|  |TAMS 0x0000000706800000, 0x0000000706800000| Untracked 
|  41|0x0000000706a00000, 0x0000000706a00000, 0x0000000706c00000|  0%| F|  |TAMS 0x0000000706a00000, 0x0000000706a00000| Untracked 
|  42|0x0000000706c00000, 0x0000000706c00000, 0x0000000706e00000|  0%| F|  |TAMS 0x0000000706c00000, 0x0000000706c00000| Untracked 
|  43|0x0000000706e00000, 0x0000000706e00000, 0x0000000707000000|  0%| F|  |TAMS 0x0000000706e00000, 0x0000000706e00000| Untracked 
|  44|0x0000000707000000, 0x0000000707000000, 0x0000000707200000|  0%| F|  |TAMS 0x0000000707000000, 0x0000000707000000| Untracked 
|  45|0x0000000707200000, 0x0000000707200000, 0x0000000707400000|  0%| F|  |TAMS 0x0000000707200000, 0x0000000707200000| Untracked 
|  46|0x0000000707400000, 0x0000000707400000, 0x0000000707600000|  0%| F|  |TAMS 0x0000000707400000, 0x0000000707400000| Untracked 
|  47|0x0000000707600000, 0x0000000707600000, 0x0000000707800000|  0%| F|  |TAMS 0x0000000707600000, 0x0000000707600000| Untracked 
|  48|0x0000000707800000, 0x0000000707800000, 0x0000000707a00000|  0%| F|  |TAMS 0x0000000707800000, 0x0000000707800000| Untracked 
|  49|0x0000000707a00000, 0x0000000707a00000, 0x0000000707c00000|  0%| F|  |TAMS 0x0000000707a00000, 0x0000000707a00000| Untracked 
|  50|0x0000000707c00000, 0x0000000707c00000, 0x0000000707e00000|  0%| F|  |TAMS 0x0000000707c00000, 0x0000000707c00000| Untracked 
|  51|0x0000000707e00000, 0x0000000707e00000, 0x0000000708000000|  0%| F|  |TAMS 0x0000000707e00000, 0x0000000707e00000| Untracked 
|  52|0x0000000708000000, 0x0000000708000000, 0x0000000708200000|  0%| F|  |TAMS 0x0000000708000000, 0x0000000708000000| Untracked 
|  53|0x0000000708200000, 0x0000000708200000, 0x0000000708400000|  0%| F|  |TAMS 0x0000000708200000, 0x0000000708200000| Untracked 
|  54|0x0000000708400000, 0x0000000708400000, 0x0000000708600000|  0%| F|  |TAMS 0x0000000708400000, 0x0000000708400000| Untracked 
|  55|0x0000000708600000, 0x0000000708600000, 0x0000000708800000|  0%| F|  |TAMS 0x0000000708600000, 0x0000000708600000| Untracked 
|  56|0x0000000708800000, 0x0000000708800000, 0x0000000708a00000|  0%| F|  |TAMS 0x0000000708800000, 0x0000000708800000| Untracked 
|  57|0x0000000708a00000, 0x0000000708a00000, 0x0000000708c00000|  0%| F|  |TAMS 0x0000000708a00000, 0x0000000708a00000| Untracked 
|  58|0x0000000708c00000, 0x0000000708c00000, 0x0000000708e00000|  0%| F|  |TAMS 0x0000000708c00000, 0x0000000708c00000| Untracked 
|  59|0x0000000708e00000, 0x0000000708e00000, 0x0000000709000000|  0%| F|  |TAMS 0x0000000708e00000, 0x0000000708e00000| Untracked 
|  60|0x0000000709000000, 0x0000000709000000, 0x0000000709200000|  0%| F|  |TAMS 0x0000000709000000, 0x0000000709000000| Untracked 
|  61|0x0000000709200000, 0x0000000709200000, 0x0000000709400000|  0%| F|  |TAMS 0x0000000709200000, 0x0000000709200000| Untracked 
|  62|0x0000000709400000, 0x0000000709400000, 0x0000000709600000|  0%| F|  |TAMS 0x0000000709400000, 0x0000000709400000| Untracked 
|  63|0x0000000709600000, 0x0000000709600000, 0x0000000709800000|  0%| F|  |TAMS 0x0000000709600000, 0x0000000709600000| Untracked 
|  64|0x0000000709800000, 0x0000000709800000, 0x0000000709a00000|  0%| F|  |TAMS 0x0000000709800000, 0x0000000709800000| Untracked 
|  65|0x0000000709a00000, 0x0000000709a00000, 0x0000000709c00000|  0%| F|  |TAMS 0x0000000709a00000, 0x0000000709a00000| Untracked 
|  66|0x0000000709c00000, 0x0000000709c00000, 0x0000000709e00000|  0%| F|  |TAMS 0x0000000709c00000, 0x0000000709c00000| Untracked 
|  67|0x0000000709e00000, 0x0000000709e00000, 0x000000070a000000|  0%| F|  |TAMS 0x0000000709e00000, 0x0000000709e00000| Untracked 
|  68|0x000000070a000000, 0x000000070a000000, 0x000000070a200000|  0%| F|  |TAMS 0x000000070a000000, 0x000000070a000000| Untracked 
|  69|0x000000070a200000, 0x000000070a200000, 0x000000070a400000|  0%| F|  |TAMS 0x000000070a200000, 0x000000070a200000| Untracked 
|  70|0x000000070a400000, 0x000000070a400000, 0x000000070a600000|  0%| F|  |TAMS 0x000000070a400000, 0x000000070a400000| Untracked 
|  71|0x000000070a600000, 0x000000070a600000, 0x000000070a800000|  0%| F|  |TAMS 0x000000070a600000, 0x000000070a600000| Untracked 
|  72|0x000000070a800000, 0x000000070a800000, 0x000000070aa00000|  0%| F|  |TAMS 0x000000070a800000, 0x000000070a800000| Untracked 
|  73|0x000000070aa00000, 0x000000070aa00000, 0x000000070ac00000|  0%| F|  |TAMS 0x000000070aa00000, 0x000000070aa00000| Untracked 
|  74|0x000000070ac00000, 0x000000070ac00000, 0x000000070ae00000|  0%| F|  |TAMS 0x000000070ac00000, 0x000000070ac00000| Untracked 
|  75|0x000000070ae00000, 0x000000070ae00000, 0x000000070b000000|  0%| F|  |TAMS 0x000000070ae00000, 0x000000070ae00000| Untracked 
|  76|0x000000070b000000, 0x000000070b000000, 0x000000070b200000|  0%| F|  |TAMS 0x000000070b000000, 0x000000070b000000| Untracked 
|  77|0x000000070b200000, 0x000000070b200000, 0x000000070b400000|  0%| F|  |TAMS 0x000000070b200000, 0x000000070b200000| Untracked 
|  78|0x000000070b400000, 0x000000070b400000, 0x000000070b600000|  0%| F|  |TAMS 0x000000070b400000, 0x000000070b400000| Untracked 
|  79|0x000000070b600000, 0x000000070b600000, 0x000000070b800000|  0%| F|  |TAMS 0x000000070b600000, 0x000000070b600000| Untracked 
|  80|0x000000070b800000, 0x000000070b800000, 0x000000070ba00000|  0%| F|  |TAMS 0x000000070b800000, 0x000000070b800000| Untracked 
|  81|0x000000070ba00000, 0x000000070ba00000, 0x000000070bc00000|  0%| F|  |TAMS 0x000000070ba00000, 0x000000070ba00000| Untracked 
|  82|0x000000070bc00000, 0x000000070bc00000, 0x000000070be00000|  0%| F|  |TAMS 0x000000070bc00000, 0x000000070bc00000| Untracked 
|  83|0x000000070be00000, 0x000000070be00000, 0x000000070c000000|  0%| F|  |TAMS 0x000000070be00000, 0x000000070be00000| Untracked 
|  84|0x000000070c000000, 0x000000070c000000, 0x000000070c200000|  0%| F|  |TAMS 0x000000070c000000, 0x000000070c000000| Untracked 
|  85|0x000000070c200000, 0x000000070c200000, 0x000000070c400000|  0%| F|  |TAMS 0x000000070c200000, 0x000000070c200000| Untracked 
|  86|0x000000070c400000, 0x000000070c400000, 0x000000070c600000|  0%| F|  |TAMS 0x000000070c400000, 0x000000070c400000| Untracked 
|  87|0x000000070c600000, 0x000000070c600000, 0x000000070c800000|  0%| F|  |TAMS 0x000000070c600000, 0x000000070c600000| Untracked 
|  88|0x000000070c800000, 0x000000070c800000, 0x000000070ca00000|  0%| F|  |TAMS 0x000000070c800000, 0x000000070c800000| Untracked 
|  89|0x000000070ca00000, 0x000000070ca00000, 0x000000070cc00000|  0%| F|  |TAMS 0x000000070ca00000, 0x000000070ca00000| Untracked 
|  90|0x000000070cc00000, 0x000000070cc00000, 0x000000070ce00000|  0%| F|  |TAMS 0x000000070cc00000, 0x000000070cc00000| Untracked 
|  91|0x000000070ce00000, 0x000000070ce00000, 0x000000070d000000|  0%| F|  |TAMS 0x000000070ce00000, 0x000000070ce00000| Untracked 
|  92|0x000000070d000000, 0x000000070d000000, 0x000000070d200000|  0%| F|  |TAMS 0x000000070d000000, 0x000000070d000000| Untracked 
|  93|0x000000070d200000, 0x000000070d200000, 0x000000070d400000|  0%| F|  |TAMS 0x000000070d200000, 0x000000070d200000| Untracked 
|  94|0x000000070d400000, 0x000000070d400000, 0x000000070d600000|  0%| F|  |TAMS 0x000000070d400000, 0x000000070d400000| Untracked 
|  95|0x000000070d600000, 0x000000070d600000, 0x000000070d800000|  0%| F|  |TAMS 0x000000070d600000, 0x000000070d600000| Untracked 
|  96|0x000000070d800000, 0x000000070d800000, 0x000000070da00000|  0%| F|  |TAMS 0x000000070d800000, 0x000000070d800000| Untracked 
|  97|0x000000070da00000, 0x000000070da00000, 0x000000070dc00000|  0%| F|  |TAMS 0x000000070da00000, 0x000000070da00000| Untracked 
|  98|0x000000070dc00000, 0x000000070dc00000, 0x000000070de00000|  0%| F|  |TAMS 0x000000070dc00000, 0x000000070dc00000| Untracked 
|  99|0x000000070de00000, 0x000000070de00000, 0x000000070e000000|  0%| F|  |TAMS 0x000000070de00000, 0x000000070de00000| Untracked 
| 100|0x000000070e000000, 0x000000070e000000, 0x000000070e200000|  0%| F|  |TAMS 0x000000070e000000, 0x000000070e000000| Untracked 
| 101|0x000000070e200000, 0x000000070e200000, 0x000000070e400000|  0%| F|  |TAMS 0x000000070e200000, 0x000000070e200000| Untracked 
| 102|0x000000070e400000, 0x000000070e400000, 0x000000070e600000|  0%| F|  |TAMS 0x000000070e400000, 0x000000070e400000| Untracked 
| 103|0x000000070e600000, 0x000000070e600000, 0x000000070e800000|  0%| F|  |TAMS 0x000000070e600000, 0x000000070e600000| Untracked 
| 104|0x000000070e800000, 0x000000070e800000, 0x000000070ea00000|  0%| F|  |TAMS 0x000000070e800000, 0x000000070e800000| Untracked 
| 105|0x000000070ea00000, 0x000000070ea00000, 0x000000070ec00000|  0%| F|  |TAMS 0x000000070ea00000, 0x000000070ea00000| Untracked 
| 106|0x000000070ec00000, 0x000000070ec00000, 0x000000070ee00000|  0%| F|  |TAMS 0x000000070ec00000, 0x000000070ec00000| Untracked 
| 107|0x000000070ee00000, 0x000000070ee00000, 0x000000070f000000|  0%| F|  |TAMS 0x000000070ee00000, 0x000000070ee00000| Untracked 
| 108|0x000000070f000000, 0x000000070f000000, 0x000000070f200000|  0%| F|  |TAMS 0x000000070f000000, 0x000000070f000000| Untracked 
| 109|0x000000070f200000, 0x000000070f200000, 0x000000070f400000|  0%| F|  |TAMS 0x000000070f200000, 0x000000070f200000| Untracked 
| 110|0x000000070f400000, 0x000000070f400000, 0x000000070f600000|  0%| F|  |TAMS 0x000000070f400000, 0x000000070f400000| Untracked 
| 111|0x000000070f600000, 0x000000070f600000, 0x000000070f800000|  0%| F|  |TAMS 0x000000070f600000, 0x000000070f600000| Untracked 
| 112|0x000000070f800000, 0x000000070f800000, 0x000000070fa00000|  0%| F|  |TAMS 0x000000070f800000, 0x000000070f800000| Untracked 
| 113|0x000000070fa00000, 0x000000070fa00000, 0x000000070fc00000|  0%| F|  |TAMS 0x000000070fa00000, 0x000000070fa00000| Untracked 
| 114|0x000000070fc00000, 0x000000070fc00000, 0x000000070fe00000|  0%| F|  |TAMS 0x000000070fc00000, 0x000000070fc00000| Untracked 
| 115|0x000000070fe00000, 0x000000070fe00000, 0x0000000710000000|  0%| F|  |TAMS 0x000000070fe00000, 0x000000070fe00000| Untracked 
| 116|0x0000000710000000, 0x0000000710000000, 0x0000000710200000|  0%| F|  |TAMS 0x0000000710000000, 0x0000000710000000| Untracked 
| 117|0x0000000710200000, 0x0000000710200000, 0x0000000710400000|  0%| F|  |TAMS 0x0000000710200000, 0x0000000710200000| Untracked 
| 118|0x0000000710400000, 0x0000000710400000, 0x0000000710600000|  0%| F|  |TAMS 0x0000000710400000, 0x0000000710400000| Untracked 
| 119|0x0000000710600000, 0x0000000710600000, 0x0000000710800000|  0%| F|  |TAMS 0x0000000710600000, 0x0000000710600000| Untracked 
| 120|0x0000000710800000, 0x0000000710800000, 0x0000000710a00000|  0%| F|  |TAMS 0x0000000710800000, 0x0000000710800000| Untracked 
| 121|0x0000000710a00000, 0x0000000710a00000, 0x0000000710c00000|  0%| F|  |TAMS 0x0000000710a00000, 0x0000000710a00000| Untracked 
| 122|0x0000000710c00000, 0x0000000710c00000, 0x0000000710e00000|  0%| F|  |TAMS 0x0000000710c00000, 0x0000000710c00000| Untracked 
| 123|0x0000000710e00000, 0x0000000710e00000, 0x0000000711000000|  0%| F|  |TAMS 0x0000000710e00000, 0x0000000710e00000| Untracked 
| 124|0x0000000711000000, 0x0000000711000000, 0x0000000711200000|  0%| F|  |TAMS 0x0000000711000000, 0x0000000711000000| Untracked 
| 125|0x0000000711200000, 0x0000000711200000, 0x0000000711400000|  0%| F|  |TAMS 0x0000000711200000, 0x0000000711200000| Untracked 
| 126|0x0000000711400000, 0x0000000711400000, 0x0000000711600000|  0%| F|  |TAMS 0x0000000711400000, 0x0000000711400000| Untracked 
| 127|0x0000000711600000, 0x00000007116e15a8, 0x0000000711800000| 44%| E|  |TAMS 0x0000000711600000, 0x0000000711600000| Complete 

Card table byte_map: [0x0000025281260000,0x0000025281a60000] _byte_map_base: 0x000002527da54000

Marking Bits (Prev, Next): (CMBitMap*) 0x00000252e7cad070, (CMBitMap*) 0x00000252e7cad0b0
 Prev Bits: [0x0000025282260000, 0x0000025286200000)
 Next Bits: [0x0000025286200000, 0x000002528a1a0000)

Polling page: 0x00000252e7d10000

Metaspace:

Usage:
  Non-class:      3.00 MB used.
      Class:    258.62 KB used.
       Both:      3.25 MB used.

Virtual space:
  Non-class space:        8.00 MB reserved,       3.00 MB ( 38%) committed,  1 nodes.
      Class space:        1.00 GB reserved,     320.00 KB ( <1%) committed,  1 nodes.
             Both:        1.01 GB reserved,       3.31 MB ( <1%) committed. 

Chunk freelists:
   Non-Class:  0 bytes
       Class:  3.62 MB
        Both:  3.62 MB

MaxMetaspaceSize: unlimited
CompressedClassSpaceSize: 1.00 GB
Initial GC threshold: 21.00 MB
Current GC threshold: 21.00 MB
CDS: off
MetaspaceReclaimPolicy: balanced
 - commit_granule_bytes: 65536.
 - commit_granule_words: 8192.
 - virtual_space_node_default_size: 1048576.
 - enlarge_chunks_in_place: 1.
 - new_chunks_are_fully_committed: 0.
 - uncommit_free_chunks: 1.
 - use_allocation_guard: 0.
 - handle_deallocations: 1.


Internal statistics:

num_allocs_failed_limit: 0.
num_arena_births: 2.
num_arena_deaths: 0.
num_vsnodes_births: 2.
num_vsnodes_deaths: 0.
num_space_committed: 53.
num_space_uncommitted: 0.
num_chunks_returned_to_freelist: 0.
num_chunks_taken_from_freelist: 4.
num_chunk_merges: 0.
num_chunk_splits: 1.
num_chunks_enlarged: 0.
num_purges: 0.
num_inconsistent_stats: 0.

CodeHeap 'non-profiled nmethods': size=120000Kb used=2Kb max_used=2Kb free=119997Kb
 bounds [0x00000252f8ac0000, 0x00000252f8d30000, 0x00000252ffff0000]
CodeHeap 'profiled nmethods': size=120000Kb used=31Kb max_used=31Kb free=119968Kb
 bounds [0x00000252f0ff0000, 0x00000252f1260000, 0x00000252f8520000]
CodeHeap 'non-nmethods': size=5760Kb used=1027Kb max_used=1037Kb free=4732Kb
 bounds [0x00000252f8520000, 0x00000252f8790000, 0x00000252f8ac0000]
 total_blobs=304 nmethods=25 adapters=192
 compilation: enabled
              stopped_count=0, restarted_count=0
 full_count=0

Compilation events (20 events):
Event: 0.092 Thread 0x000002528d873a70   16       3       java.util.AbstractCollection::<init> (5 bytes)
Event: 0.092 Thread 0x000002528d873a70 nmethod 16 0x00000252f0ff5390 code [0x00000252f0ff5520, 0x00000252f0ff5678]
Event: 0.092 Thread 0x000002528d873a70   17       3       java.util.ImmutableCollections$AbstractImmutableCollection::<init> (5 bytes)
Event: 0.093 Thread 0x000002528d873a70 nmethod 17 0x00000252f0ff5710 code [0x00000252f0ff58c0, 0x00000252f0ff5a78]
Event: 0.093 Thread 0x000002528d873a70   18       3       java.util.ImmutableCollections$AbstractImmutableSet::<init> (5 bytes)
Event: 0.093 Thread 0x000002528d873a70 nmethod 18 0x00000252f0ff5b90 code [0x00000252f0ff5d40, 0x00000252f0ff5f78]
Event: 0.093 Thread 0x000002528d873160   19       4       java.lang.Object::<init> (1 bytes)
Event: 0.093 Thread 0x000002528d873a70   20       3       java.util.Set::of (68 bytes)
Event: 0.093 Thread 0x000002528d873a70 nmethod 20 0x00000252f0ff6090 code [0x00000252f0ff62c0, 0x00000252f0ff6b08]
Event: 0.093 Thread 0x000002528d873160 nmethod 19 0x00000252f8ac0010 code [0x00000252f8ac0180, 0x00000252f8ac01f8]
Event: 0.096 Thread 0x000002528d873a70   21       3       java.lang.String::coder (15 bytes)
Event: 0.096 Thread 0x000002528d873a70 nmethod 21 0x00000252f0ff6d90 code [0x00000252f0ff6f20, 0x00000252f0ff7058]
Event: 0.096 Thread 0x000002528d873a70   22       3       java.lang.String::length (11 bytes)
Event: 0.096 Thread 0x000002528d873a70 nmethod 22 0x00000252f0ff7110 code [0x00000252f0ff72a0, 0x00000252f0ff7438]
Event: 0.096 Thread 0x000002528d873a70   23       1       java.lang.module.ModuleDescriptor::name (5 bytes)
Event: 0.096 Thread 0x000002528d873a70 nmethod 23 0x00000252f8ac0310 code [0x00000252f8ac04a0, 0x00000252f8ac0578]
Event: 0.097 Thread 0x000002528d873a70   24       1       java.lang.module.ModuleReference::descriptor (5 bytes)
Event: 0.097 Thread 0x000002528d873a70 nmethod 24 0x00000252f8ac0610 code [0x00000252f8ac07a0, 0x00000252f8ac0878]
Event: 0.097 Thread 0x000002528d873a70   25       3       java.net.URI::hash (33 bytes)
Event: 0.097 Thread 0x000002528d873a70 nmethod 25 0x00000252f0ff7510 code [0x00000252f0ff7700, 0x00000252f0ff7b98]

GC Heap History (0 events):
No events

Dll operation events (2 events):
Event: 0.008 Loaded shared library C:\Program Files\Java\zulu17.40.19-ca-jdk17.0.6-win_x64\bin\java.dll
Event: 0.047 Loaded shared library C:\Program Files\Java\zulu17.40.19-ca-jdk17.0.6-win_x64\bin\jsvml.dll

Deoptimization events (0 events):
No events

Classes unloaded (0 events):
No events

Classes redefined (0 events):
No events

Internal exceptions (0 events):
No events

VM Operations (0 events):
No events

Events (20 events):
Event: 0.099 loading class java/security/ProtectionDomain$Key
Event: 0.099 loading class java/security/ProtectionDomain$Key done
Event: 0.099 loading class java/security/Principal
Event: 0.099 loading class java/security/Principal done
Event: 0.099 loading class jdk/internal/loader/URLClassPath
Event: 0.100 loading class jdk/internal/loader/URLClassPath done
Event: 0.100 loading class java/net/URL$DefaultFactory
Event: 0.100 loading class java/net/URLStreamHandlerFactory
Event: 0.100 loading class java/net/URLStreamHandlerFactory done
Event: 0.100 loading class java/net/URL$DefaultFactory done
Event: 0.100 loading class java/net/URL$3
Event: 0.100 loading class jdk/internal/access/JavaNetURLAccess
Event: 0.100 loading class jdk/internal/access/JavaNetURLAccess done
Event: 0.100 loading class java/net/URL$3 done
Event: 0.100 loading class java/io/File$PathStatus
Event: 0.100 loading class java/io/File$PathStatus done
Event: 0.100 loading class sun/net/www/ParseUtil
Event: 0.100 loading class sun/net/www/ParseUtil done
Event: 0.100 loading class java/util/HexFormat
Event: 0.101 loading class java/util/HexFormat done


Dynamic libraries:
0x00007ff79ee00000 - 0x00007ff79ee0e000 	C:\Program Files\Java\zulu17.40.19-ca-jdk17.0.6-win_x64\bin\java.exe
0x00007ffa5c740000 - 0x00007ffa5c949000 	C:\Windows\SYSTEM32\ntdll.dll
0x00007ffa5ba90000 - 0x00007ffa5bb4e000 	C:\Windows\System32\KERNEL32.DLL
0x00007ffa59e80000 - 0x00007ffa5a204000 	C:\Windows\System32\KERNELBASE.dll
0x00007ffa5a380000 - 0x00007ffa5a491000 	C:\Windows\System32\ucrtbase.dll
0x00007ffa56940000 - 0x00007ffa56958000 	C:\Program Files\Java\zulu17.40.19-ca-jdk17.0.6-win_x64\bin\jli.dll
0x00007ffa561b0000 - 0x00007ffa561cb000 	C:\Program Files\Java\zulu17.40.19-ca-jdk17.0.6-win_x64\bin\VCRUNTIME140.dll
0x00007ffa5c550000 - 0x00007ffa5c6fd000 	C:\Windows\System32\USER32.dll
0x00007ffa41a30000 - 0x00007ffa41cd5000 	C:\Windows\WinSxS\amd64_microsoft.windows.common-controls_6595b64144ccf1df_6.0.22000.120_none_9d947278b86cc467\COMCTL32.dll
0x00007ffa5a210000 - 0x00007ffa5a236000 	C:\Windows\System32\win32u.dll
0x00007ffa5c340000 - 0x00007ffa5c36a000 	C:\Windows\System32\GDI32.dll
0x00007ffa5bf40000 - 0x00007ffa5bfe3000 	C:\Windows\System32\msvcrt.dll
0x00007ffa59d60000 - 0x00007ffa59e7f000 	C:\Windows\System32\gdi32full.dll
0x00007ffa5a510000 - 0x00007ffa5a5ad000 	C:\Windows\System32\msvcp_win.dll
0x00007ffa5b9e0000 - 0x00007ffa5ba11000 	C:\Windows\System32\IMM32.DLL
0x00007ffa569b0000 - 0x00007ffa569bc000 	C:\Program Files\Java\zulu17.40.19-ca-jdk17.0.6-win_x64\bin\vcruntime140_1.dll
0x00007ffa54000000 - 0x00007ffa5408d000 	C:\Program Files\Java\zulu17.40.19-ca-jdk17.0.6-win_x64\bin\msvcp140.dll
0x00007ffa15b20000 - 0x00007ffa16785000 	C:\Program Files\Java\zulu17.40.19-ca-jdk17.0.6-win_x64\bin\server\jvm.dll
0x00007ffa5c290000 - 0x00007ffa5c33f000 	C:\Windows\System32\ADVAPI32.dll
0x00007ffa5a6c0000 - 0x00007ffa5a75e000 	C:\Windows\System32\sechost.dll
0x00007ffa5c420000 - 0x00007ffa5c541000 	C:\Windows\System32\RPCRT4.dll
0x00007ffa54130000 - 0x00007ffa5413a000 	C:\Windows\SYSTEM32\VERSION.dll
0x00007ffa46880000 - 0x00007ffa46889000 	C:\Windows\SYSTEM32\WSOCK32.dll
0x00007ffa53c90000 - 0x00007ffa53cc3000 	C:\Windows\SYSTEM32\WINMM.dll
0x00007ffa5ba20000 - 0x00007ffa5ba8f000 	C:\Windows\System32\WS2_32.dll
0x00007ffa58d20000 - 0x00007ffa58d38000 	C:\Windows\SYSTEM32\kernel.appcore.dll
0x00007ffa561a0000 - 0x00007ffa561aa000 	C:\Program Files\Java\zulu17.40.19-ca-jdk17.0.6-win_x64\bin\jimage.dll
0x00007ffa576a0000 - 0x00007ffa578c1000 	C:\Windows\SYSTEM32\DBGHELP.DLL
0x00007ffa45690000 - 0x00007ffa456c1000 	C:\Windows\SYSTEM32\dbgcore.DLL
0x00007ffa5a300000 - 0x00007ffa5a37f000 	C:\Windows\System32\bcryptPrimitives.dll
0x00007ffa56140000 - 0x00007ffa56165000 	C:\Program Files\Java\zulu17.40.19-ca-jdk17.0.6-win_x64\bin\java.dll
0x00007ffa42ca0000 - 0x00007ffa42d77000 	C:\Program Files\Java\zulu17.40.19-ca-jdk17.0.6-win_x64\bin\jsvml.dll
0x00007ffa5abd0000 - 0x00007ffa5b395000 	C:\Windows\System32\SHELL32.dll
0x00007ffa57ca0000 - 0x00007ffa58504000 	C:\Windows\SYSTEM32\windows.storage.dll
0x00007ffa5bb60000 - 0x00007ffa5bed6000 	C:\Windows\System32\combase.dll
0x00007ffa57b30000 - 0x00007ffa57c97000 	C:\Windows\SYSTEM32\wintypes.dll
0x00007ffa5b3a0000 - 0x00007ffa5b48a000 	C:\Windows\System32\SHCORE.dll
0x00007ffa5a650000 - 0x00007ffa5a6ad000 	C:\Windows\System32\shlwapi.dll
0x00007ffa59b20000 - 0x00007ffa59b41000 	C:\Windows\SYSTEM32\profapi.dll

dbghelp: loaded successfully - version: 4.0.5 - missing functions: none
symbol engine: initialized successfully - sym options: 0x614 - pdb path: .;C:\Program Files\Java\zulu17.40.19-ca-jdk17.0.6-win_x64\bin;C:\Windows\SYSTEM32;C:\Windows\WinSxS\amd64_microsoft.windows.common-controls_6595b64144ccf1df_6.0.22000.120_none_9d947278b86cc467;C:\Program Files\Java\zulu17.40.19-ca-jdk17.0.6-win_x64\bin\server

VM Arguments:
java_command: aplicacao/Programa
java_class_path (initial): .
Launcher Type: SUN_STANDARD

[Global flags]
     intx CICompilerCount                          = 4                                         {product} {ergonomic}
     uint ConcGCThreads                            = 2                                         {product} {ergonomic}
     uint G1ConcRefinementThreads                  = 8                                         {product} {ergonomic}
   size_t G1HeapRegionSize                         = 2097152                                   {product} {ergonomic}
    uintx GCDrainStackTargetSize                   = 64                                        {product} {ergonomic}
   size_t InitialHeapSize                          = 268435456                                 {product} {ergonomic}
   size_t MarkStackSize                            = 4194304                                   {product} {ergonomic}
   size_t MaxHeapSize                              = 4269801472                                {product} {ergonomic}
   size_t MaxNewSize                               = 2560622592                                {product} {ergonomic}
   size_t MinHeapDeltaBytes                        = 2097152                                   {product} {ergonomic}
   size_t MinHeapSize                              = 8388608                                   {product} {ergonomic}
    uintx NonNMethodCodeHeapSize                   = 5839372                                {pd product} {ergonomic}
    uintx NonProfiledCodeHeapSize                  = 122909434                              {pd product} {ergonomic}
    uintx ProfiledCodeHeapSize                     = 122909434                              {pd product} {ergonomic}
    uintx ReservedCodeCacheSize                    = 251658240                              {pd product} {ergonomic}
     bool SegmentedCodeCache                       = true                                      {product} {ergonomic}
   size_t SoftMaxHeapSize                          = 4269801472                             {manageable} {ergonomic}
     bool UseCompressedClassPointers               = true                           {product lp64_product} {ergonomic}
     bool UseCompressedOops                        = true                           {product lp64_product} {ergonomic}
     bool UseG1GC                                  = true                                      {product} {ergonomic}
     bool UseLargePagesIndividualAllocation        = false                                  {pd product} {ergonomic}

Logging:
Log output configuration:
 #0: stdout all=warning uptime,level,tags
 #1: stderr all=off uptime,level,tags

Environment Variables:
JAVA_HOME=C:\Program Files\Java\zulu17.40.19-ca-jdk17.0.6-win_x64
PATH=C:\Users\batis\bin;D:\apps\development\Github\mingw64\bin;D:\apps\development\Github\usr\local\bin;D:\apps\development\Github\usr\bin;D:\apps\development\Github\usr\bin;D:\apps\development\Github\mingw64\bin;D:\apps\development\Github\usr\bin;C:\Users\batis\bin;C:\Program Files\Java\zulu17.40.19-ca-jdk17.0.6-win_x64\bin;C:\Windows\system32;C:\Windows;C:\Windows\System32\Wbem;C:\Windows\System32\WindowsPowerShell\v1.0;C:\Windows\System32\OpenSSH;D:\apps\development\WinSCP;D:\apps\development\Github\cmd;C:\Program Files\nodejs;C:\ProgramData\UNIVALI\Portugol Studio;C:\Program Files\Docker\Docker\resources\bin;C:\Users\batis\AppData\Local\Microsoft\WindowsApps;D:\Users\batis\AppData\Local\Programs\Microsoft VS Code\bin;C:\Users\batis\AppData\Local\Programs\Hyper\resources\bin;C:\Users\batis\AppData\Roaming\npm;D:\apps\development\Github\usr\bin\vendor_perl;D:\apps\development\Github\usr\bin\core_perl
USERNAME=batis
SHELL=D:\apps\development\Github\usr\bin\bash.exe
DISPLAY=needs-to-be-defined
LC_CTYPE=pt_BR.UTF-8
TERM=xterm
TMPDIR=C:\Users\batis\AppData\Local\Temp
OS=Windows_NT
PROCESSOR_IDENTIFIER=Intel64 Family 6 Model 142 Stepping 10, GenuineIntel
TMP=C:\Users\batis\AppData\Local\Temp
TEMP=C:\Users\batis\AppData\Local\Temp



---------------  S Y S T E M  ---------------

OS:
 Windows 11 , 64 bit Build 22000 (10.0.22000.1880)
OS uptime: 2 days 3:41 hours
Hyper-V role detected

CPU: total 8 (initial active 8) (4 cores per cpu, 2 threads per core) family 6 model 142 stepping 10 microcode 0xf0, cx8, cmov, fxsr, ht, mmx, 3dnowpref, sse, sse2, sse3, ssse3, sse4.1, sse4.2, popcnt, lzcnt, tsc, tscinvbit, avx, avx2, aes, erms, clmul, bmi1, bmi2, adx, fma, vzeroupper, clflush, clflushopt, hv

Memory: 4k page, system-wide physical 16280M (7732M free)
TotalPageFile size 31452M (AvailPageFile size 2M)
current process WorkingSet (physical memory assigned to process): 25M, peak: 25M
current process commit charge ("private bytes"): 334M, peak: 339M

vm_info: OpenJDK 64-Bit Server VM (17.0.6+10-LTS) for windows-amd64 JRE (17.0.6+10-LTS) (Zulu17.40+19-CA), built on Jan  4 2023 14:58:55 by "zulu_re" with MS VC++ 16.10 / 16.11 (VS2019)

END.
